<?xml version="1.0" encoding="UTF-8"?>
<!-- Generated by org.testng.reporters.JUnitReportReporter -->
<testsuite hostname="BHIDH6Q5M2" failures="0" tests="3" name="Test1" time="0.009" errors="0" timestamp="10 Apr 2020 09:09:52 GMT">
  <testcase classname="Test1" name="TestDataProvider" time="0.000"/>
  <testcase classname="Test1" name="TestDataProvider" time="0.008"/>
  <testcase classname="Test1" name="TestDataProvider" time="0.001"/>
</testsuite>
